{
  "RSpec": {
    "coverage": {
      "/Users/katieshermer/Desktop/turing/3mod/projects/apicurious/spec/rails_helper.rb": [
        null,
        1,
        1,
        1,
        null,
        1,
        1,
        null,
        1,
        null,
        1,
        1,
        1,
        1,
        null,
        null,
        null,
        null,
        null,
        null,
        null,
        null,
        null,
        null,
        null,
        null,
        null,
        null,
        null,
        2,
        null,
        null,
        null,
        1,
        null,
        1,
        null,
        1,
        null,
        null,
        null,
        null,
        1,
        null,
        null,
        null,
        null,
        null,
        null,
        null,
        null,
        null,
        null,
        null,
        null,
        null,
        null,
        1,
        null,
        null,
        1,
        null,
        1,
        null
      ],
      "/Users/katieshermer/Desktop/turing/3mod/projects/apicurious/config/environment.rb": [
        null,
        1,
        null,
        null,
        1
      ],
      "/Users/katieshermer/Desktop/turing/3mod/projects/apicurious/config/application.rb": [
        1,
        null,
        1,
        null,
        1,
        1,
        1,
        1,
        1,
        1,
        1,
        1,
        null,
        null,
        null,
        null,
        1,
        null,
        1,
        1,
        null,
        1,
        null,
        null,
        null,
        null,
        null,
        null,
        1,
        null,
        null
      ],
      "/Users/katieshermer/Desktop/turing/3mod/projects/apicurious/config/boot.rb": [
        1,
        null,
        1
      ],
      "/Users/katieshermer/Desktop/turing/3mod/projects/apicurious/config/environments/test.rb": [
        1,
        null,
        null,
        null,
        null,
        null,
        null,
        1,
        null,
        null,
        null,
        null,
        1,
        null,
        null,
        1,
        1,
        null,
        null,
        null,
        null,
        1,
        1,
        null,
        null,
        1,
        null,
        null,
        1,
        1,
        null,
        null,
        null,
        null,
        1,
        null,
        null,
        1,
        null,
        null,
        null,
        null
      ],
      "/Users/katieshermer/Desktop/turing/3mod/projects/apicurious/config/initializers/application_controller_renderer.rb": [
        null,
        null,
        null,
        null,
        null,
        null
      ],
      "/Users/katieshermer/Desktop/turing/3mod/projects/apicurious/config/initializers/assets.rb": [
        null,
        null,
        null,
        1,
        null,
        null,
        null,
        null,
        1,
        null,
        null,
        null,
        null,
        null
      ],
      "/Users/katieshermer/Desktop/turing/3mod/projects/apicurious/config/initializers/backtrace_silencers.rb": [
        null,
        null,
        null,
        null,
        null,
        null,
        null
      ],
      "/Users/katieshermer/Desktop/turing/3mod/projects/apicurious/config/initializers/cookies_serializer.rb": [
        null,
        null,
        null,
        null,
        1
      ],
      "/Users/katieshermer/Desktop/turing/3mod/projects/apicurious/config/initializers/filter_parameter_logging.rb": [
        null,
        null,
        null,
        1
      ],
      "/Users/katieshermer/Desktop/turing/3mod/projects/apicurious/config/initializers/inflections.rb": [
        null,
        null,
        null,
        null,
        null,
        null,
        null,
        null,
        null,
        null,
        null,
        null,
        null,
        null,
        null,
        null
      ],
      "/Users/katieshermer/Desktop/turing/3mod/projects/apicurious/config/initializers/mime_types.rb": [
        null,
        null,
        null,
        null
      ],
      "/Users/katieshermer/Desktop/turing/3mod/projects/apicurious/config/initializers/omniauth.rb": [
        1,
        1,
        null
      ],
      "/Users/katieshermer/Desktop/turing/3mod/projects/apicurious/config/initializers/wrap_parameters.rb": [
        null,
        null,
        null,
        null,
        null,
        null,
        1,
        1,
        null,
        null,
        null,
        null,
        null,
        null
      ],
      "/Users/katieshermer/Desktop/turing/3mod/projects/apicurious/spec/factories/users.rb": [
        1,
        1,
        1,
        1,
        null,
        null
      ],
      "/Users/katieshermer/Desktop/turing/3mod/projects/apicurious/config/routes.rb": [
        1,
        1,
        1,
        1,
        null
      ],
      "/Users/katieshermer/Desktop/turing/3mod/projects/apicurious/spec/support/factory_girl.rb": [
        1,
        1,
        1,
        1,
        1,
        1,
        null,
        1,
        null,
        null,
        null
      ],
      "/Users/katieshermer/Desktop/turing/3mod/projects/apicurious/spec/features/user_is_logged_out_spec.rb": [
        1,
        1,
        1,
        1,
        1,
        1,
        null,
        null
      ],
      "/Users/katieshermer/Desktop/turing/3mod/projects/apicurious/spec/models/user_spec.rb": [
        1,
        null,
        1,
        1,
        1,
        2,
        2,
        null,
        null,
        null
      ],
      "/Users/katieshermer/Desktop/turing/3mod/projects/apicurious/app/models/user.rb": [
        1,
        1,
        null,
        1,
        0,
        0,
        0,
        0,
        0,
        0,
        null,
        null,
        null
      ],
      "/Users/katieshermer/Desktop/turing/3mod/projects/apicurious/app/models/application_record.rb": [
        1,
        1,
        null
      ],
      "/Users/katieshermer/Desktop/turing/3mod/projects/apicurious/app/controllers/welcome_controller.rb": [
        1,
        null,
        1,
        null,
        null,
        null,
        null
      ],
      "/Users/katieshermer/Desktop/turing/3mod/projects/apicurious/app/controllers/application_controller.rb": [
        1,
        1,
        null
      ],
      "/Users/katieshermer/Desktop/turing/3mod/projects/apicurious/app/controllers/sessions_controller.rb": [
        1,
        null,
        1,
        null,
        null,
        null
      ]
    },
    "timestamp": 1503418322
  }
}
